# JRE version: OpenJDK Runtime Environment OpenLogic-OpenJDK (11.0.16+8) (build 11.0.16+8-adhoc..jdk11u)
# Java VM: OpenJDK 64-Bit Server VM OpenLogic-OpenJDK (11.0.16+8-adhoc..jdk11u, mixed mode, tiered, compressed oops, g1 gc, windows-amd64)
Heap:
 garbage-first heap   total 262144K, used 81811K [0x00000000e0000000, 0x0000000100000000)
  region size 1024K, 62 young (63488K), 8 survivors (8192K)
 Metaspace       used 41423K, capacity 42537K, committed 42672K, reserved 292864K
  class space    used 5175K, capacity 5566K, committed 5632K, reserved 253952K
GC Heap History (14 events):
Event: 0.378 GC heap before
{Heap before GC invocations=0 (full 0):
 garbage-first heap   total 262144K, used 19456K [0x00000000e0000000, 0x0000000100000000)
  region size 1024K, 14 young (14336K), 0 survivors (0K)
 Metaspace       used 6751K, capacity 6937K, committed 7168K, reserved 262144K
  class space    used 570K, capacity 650K, committed 768K, reserved 253952K
}
Event: 0.381 GC heap after
{Heap after GC invocations=1 (full 0):
 garbage-first heap   total 262144K, used 8032K [0x00000000e0000000, 0x0000000100000000)
  region size 1024K, 2 young (2048K), 2 survivors (2048K)
 Metaspace       used 6751K, capacity 6937K, committed 7168K, reserved 262144K
  class space    used 570K, capacity 650K, committed 768K, reserved 253952K
}
Event: 0.674 GC heap before
{Heap before GC invocations=1 (full 0):
 garbage-first heap   total 262144K, used 23392K [0x00000000e0000000, 0x0000000100000000)
  region size 1024K, 17 young (17408K), 2 survivors (2048K)
 Metaspace       used 10888K, capacity 11071K, committed 11264K, reserved 264192K
  class space    used 1125K, capacity 1180K, committed 1280K, reserved 253952K
}
Event: 0.678 GC heap after
{Heap after GC invocations=2 (full 0):
 garbage-first heap   total 262144K, used 9867K [0x00000000e0000000, 0x0000000100000000)
  region size 1024K, 2 young (2048K), 2 survivors (2048K)
 Metaspace       used 10888K, capacity 11071K, committed 11264K, reserved 264192K
  class space    used 1125K, capacity 1180K, committed 1280K, reserved 253952K
}
Event: 0.915 GC heap before
{Heap before GC invocations=2 (full 0):
 garbage-first heap   total 262144K, used 32395K [0x00000000e0000000, 0x0000000100000000)
  region size 1024K, 24 young (24576K), 2 survivors (2048K)
 Metaspace       used 11219K, capacity 11459K, committed 11520K, reserved 264192K
  class space    used 1146K, capacity 1245K, committed 1280K, reserved 253952K
}
Event: 0.918 GC heap after
{Heap after GC invocations=3 (full 0):
 garbage-first heap   total 262144K, used 13151K [0x00000000e0000000, 0x0000000100000000)
  region size 1024K, 3 young (3072K), 3 survivors (3072K)
 Metaspace       used 11219K, capacity 11459K, committed 11520K, reserved 264192K
  class space    used 1146K, capacity 1245K, committed 1280K, reserved 253952K
}
Event: 1.581 GC heap before
{Heap before GC invocations=3 (full 0):
 garbage-first heap   total 262144K, used 48991K [0x00000000e0000000, 0x0000000100000000)
  region size 1024K, 38 young (38912K), 3 survivors (3072K)
 Metaspace       used 17677K, capacity 18077K, committed 18304K, reserved 270336K
  class space    used 2037K, capacity 2169K, committed 2176K, reserved 253952K
}
Event: 1.585 GC heap after
{Heap after GC invocations=4 (full 0):
 garbage-first heap   total 262144K, used 16801K [0x00000000e0000000, 0x0000000100000000)
  region size 1024K, 4 young (4096K), 4 survivors (4096K)
 Metaspace       used 17677K, capacity 18077K, committed 18304K, reserved 270336K
  class space    used 2037K, capacity 2169K, committed 2176K, reserved 253952K
}
Event: 1.828 GC heap before
{Heap before GC invocations=4 (full 0):
 garbage-first heap   total 262144K, used 45473K [0x00000000e0000000, 0x0000000100000000)
  region size 1024K, 33 young (33792K), 4 survivors (4096K)
 Metaspace       used 20834K, capacity 21216K, committed 21296K, reserved 274432K
  class space    used 2518K, capacity 2678K, committed 2688K, reserved 253952K
}
Event: 1.833 GC heap after
{Heap after GC invocations=5 (full 0):
 garbage-first heap   total 262144K, used 18083K [0x00000000e0000000, 0x0000000100000000)
  region size 1024K, 2 young (2048K), 2 survivors (2048K)
 Metaspace       used 20834K, capacity 21216K, committed 21296K, reserved 274432K
  class space    used 2518K, capacity 2678K, committed 2688K, reserved 253952K
}
Event: 2.601 GC heap before
{Heap before GC invocations=6 (full 0):
 garbage-first heap   total 262144K, used 76451K [0x00000000e0000000, 0x0000000100000000)
  region size 1024K, 60 young (61440K), 2 survivors (2048K)
 Metaspace       used 26694K, capacity 27450K, committed 27824K, reserved 278528K
  class space    used 3452K, capacity 3717K, committed 3840K, reserved 253952K
}
Event: 2.608 GC heap after
{Heap after GC invocations=7 (full 0):
 garbage-first heap   total 262144K, used 22147K [0x00000000e0000000, 0x0000000100000000)
  region size 1024K, 6 young (6144K), 6 survivors (6144K)
 Metaspace       used 26694K, capacity 27450K, committed 27824K, reserved 278528K
  class space    used 3452K, capacity 3717K, committed 3840K, reserved 253952K
}
Event: 3.409 GC heap before
{Heap before GC invocations=7 (full 0):
 garbage-first heap   total 262144K, used 87683K [0x00000000e0000000, 0x0000000100000000)
  region size 1024K, 71 young (72704K), 6 survivors (6144K)
 Metaspace       used 34786K, capacity 35714K, committed 35888K, reserved 286720K
  class space    used 4537K, capacity 4880K, committed 4992K, reserved 253952K
}
Event: 3.422 GC heap after
{Heap after GC invocations=8 (full 0):
 garbage-first heap   total 262144K, used 24467K [0x00000000e0000000, 0x0000000100000000)
  region size 1024K, 8 young (8192K), 8 survivors (8192K)
 Metaspace       used 34786K, capacity 35714K, committed 35888K, reserved 286720K
  class space    used 4537K, capacity 4880K, committed 4992K, reserved 253952K
}

